(env) fernando-rubio@PCFERNANDO:~/Área de trabalho/teste$ python3 optuna_optimization_fast3.py
✅ Stable Baselines 3 importado com sucesso
❌ Erro ao importar scalping_environment: No module named 'gym'
Criando classes mock para teste...
Iniciando otimização rápida...
=== OTIMIZAÇÃO RÁPIDA COM TAXAS REAIS DA BINANCE ===
Configurações:
  - N_TRIALS: 25
  - N_SPLITS: 2
  - MINI_LOOPS: 5 x 6000 timesteps
  - EVAL_STEPS: 750
[I 2025-06-10 20:21:32,278] A new study created in memory with name: no-name-8357f4c1-bea3-406f-b35f-a083bdccbd57
Iniciando otimização...
=== TRIAL 0 ===
Trial 0: LR=0.001316, Profit_th=0.0095, Transaction_cost=0.0003
Usando dados existentes: ETHUSDT_5m_5000.csv
Criando 2 splits do arquivo ETHUSDT_5m_5000.csv
Dataset tem 5000 linhas
Train size: 2500, Test size: 1250
Split 0: Train=2500, Test=1250
Split 1: Train=2500, Test=1250
Criados 2 splits
Treinando modelo com: train_split_1.csv
Mock environment criado com: {'csv_path': 'train_split_1.csv', 'live_stream': False, 'profit_threshold': 0.00952111756019375, 'stop_loss_threshold': 0.0010215667803011497, 'max_position_time': 40, 'transaction_cost': 0.00034910874484683606, 'force_dim': 20, 'use_realistic_fees': True}
ERRO no trial 0: The environment is of type <class '__main__.ImprovedScalpingEnv'>, not a Gymnasium environment. In this case, we expect OpenAI Gym to be installed and the environment to be an OpenAI Gym environment.
Traceback (most recent call last):
  File "/home/fernando-rubio/Área de trabalho/teste/optuna_optimization_fast3.py", line 395, in objective
    train_env = DummyVecEnv([make_env(train_path, **env_kwargs)
               ^^^^^^^^^^^^^^^^^^^^^^^^^^^^^^^^^^^^^^^^^^^^^^^
  File "/home/fernando-rubio/Área de trabalho/V0/env/lib/python3.12/site-packages/stable_baselines3/common/vec_env/dummy_vec_env.py", line 31, in __init__
    self.envs = [_patch_env(fn()) for fn in env_fns]
                 ^^^^^^^^^^^^^^^^
  File "/home/fernando-rubio/Área de trabalho/V0/env/lib/python3.12/site-packages/stable_baselines3/common/vec_env/patch_gym.py", line 33, in _patch_env
    raise ValueError(
ValueError: The environment is of type <class '__main__.ImprovedScalpingEnv'>, not a Gymnasium environment. In this case, we expect OpenAI Gym to be installed and the environment to be an OpenAI Gym environment.

[I 2025-06-10 20:21:32,380] Trial 0 finished with value: -1.0 and parameters: {'learning_rate': 0.0013163519829525788, 'transaction_cost': 0.00034910874484683606, 'profit_threshold': 0.00952111756019375, 'stop_loss_threshold': 0.0010215667803011497}. Best is trial 0 with value: -1.0.
=== TRIAL 1 ===
Trial 1: LR=0.000038, Profit_th=0.0061, Transaction_cost=0.0005
Usando dados existentes: ETHUSDT_5m_5000.csv
Criando 2 splits do arquivo ETHUSDT_5m_5000.csv
Dataset tem 5000 linhas
Train size: 2500, Test size: 1250
Split 0: Train=2500, Test=1250
Split 1: Train=2500, Test=1250
Criados 2 splits
Treinando modelo com: train_split_1.csv
Mock environment criado com: {'csv_path': 'train_split_1.csv', 'live_stream': False, 'profit_threshold': 0.0060817909865057505, 'stop_loss_threshold': 0.004346193622321544, 'max_position_time': 40, 'transaction_cost': 0.0004888537210245981, 'force_dim': 20, 'use_realistic_fees': True}
ERRO no trial 1: The environment is of type <class '__main__.ImprovedScalpingEnv'>, not a Gymnasium environment. In this case, we expect OpenAI Gym to be installed and the environment to be an OpenAI Gym environment.
Traceback (most recent call last):
  File "/home/fernando-rubio/Área de trabalho/teste/optuna_optimization_fast3.py", line 395, in objective
    train_env = DummyVecEnv([make_env(train_path, **env_kwargs)
               ^^^^^^^^^^^^^^^^^^^^^^^^^^^^^^^^^^^^^^^^^^^^^^^
  File "/home/fernando-rubio/Área de trabalho/V0/env/lib/python3.12/site-packages/stable_baselines3/common/vec_env/dummy_vec_env.py", line 31, in __init__
    self.envs = [_patch_env(fn()) for fn in env_fns]
                 ^^^^^^^^^^^^^^^^
  File "/home/fernando-rubio/Área de trabalho/V0/env/lib/python3.12/site-packages/stable_baselines3/common/vec_env/patch_gym.py", line 33, in _patch_env
    raise ValueError(
ValueError: The environment is of type <class '__main__.ImprovedScalpingEnv'>, not a Gymnasium environment. In this case, we expect OpenAI Gym to be installed and the environment to be an OpenAI Gym environment.

[I 2025-06-10 20:21:32,476] Trial 1 finished with value: -1.0 and parameters: {'learning_rate': 3.7752451134623514e-05, 'transaction_cost': 0.0004888537210245981, 'profit_threshold': 0.0060817909865057505, 'stop_loss_threshold': 0.004346193622321544}. Best is trial 0 with value: -1.0.
=== TRIAL 2 ===
Trial 2: LR=0.000052, Profit_th=0.0097, Transaction_cost=0.0002
Usando dados existentes: ETHUSDT_5m_5000.csv
Criando 2 splits do arquivo ETHUSDT_5m_5000.csv
Dataset tem 5000 linhas
Train size: 2500, Test size: 1250
Split 0: Train=2500, Test=1250
Split 1: Train=2500, Test=1250
Criados 2 splits
Treinando modelo com: train_split_1.csv
Mock environment criado com: {'csv_path': 'train_split_1.csv', 'live_stream': False, 'profit_threshold': 0.009745056436722766, 'stop_loss_threshold': 0.0021746001447358076, 'max_position_time': 40, 'transaction_cost': 0.00023540525366453878, 'force_dim': 20, 'use_realistic_fees': True}
ERRO no trial 2: The environment is of type <class '__main__.ImprovedScalpingEnv'>, not a Gymnasium environment. In this case, we expect OpenAI Gym to be installed and the environment to be an OpenAI Gym environment.
Traceback (most recent call last):
  File "/home/fernando-rubio/Área de trabalho/teste/optuna_optimization_fast3.py", line 395, in objective
    train_env = DummyVecEnv([make_env(train_path, **env_kwargs)
               ^^^^^^^^^^^^^^^^^^^^^^^^^^^^^^^^^^^^^^^^^^^^^^^
  File "/home/fernando-rubio/Área de trabalho/V0/env/lib/python3.12/site-packages/stable_baselines3/common/vec_env/dummy_vec_env.py", line 31, in __init__
    self.envs = [_patch_env(fn()) for fn in env_fns]
                 ^^^^^^^^^^^^^^^^
  File "/home/fernando-rubio/Área de trabalho/V0/env/lib/python3.12/site-packages/stable_baselines3/common/vec_env/patch_gym.py", line 33, in _patch_env
    raise ValueError(
ValueError: The environment is of type <class '__main__.ImprovedScalpingEnv'>, not a Gymnasium environment. In this case, we expect OpenAI Gym to be installed and the environment to be an OpenAI Gym environment.

[I 2025-06-10 20:21:32,571] Trial 2 finished with value: -1.0 and parameters: {'learning_rate': 5.1622523548863904e-05, 'transaction_cost': 0.00023540525366453878, 'profit_threshold': 0.009745056436722766, 'stop_loss_threshold': 0.0021746001447358076}. Best is trial 0 with value: -1.0.
=== TRIAL 3 ===
Trial 3: LR=0.000751, Profit_th=0.0079, Transaction_cost=0.0004
Usando dados existentes: ETHUSDT_5m_5000.csv
Criando 2 splits do arquivo ETHUSDT_5m_5000.csv
Dataset tem 5000 linhas
Train size: 2500, Test size: 1250
Split 0: Train=2500, Test=1250
Split 1: Train=2500, Test=1250
Criados 2 splits
Treinando modelo com: train_split_1.csv
Mock environment criado com: {'csv_path': 'train_split_1.csv', 'live_stream': False, 'profit_threshold': 0.007948901413997587, 'stop_loss_threshold': 0.001416496403796892, 'max_position_time': 40, 'transaction_cost': 0.0004048114562505223, 'force_dim': 20, 'use_realistic_fees': True}
ERRO no trial 3: The environment is of type <class '__main__.ImprovedScalpingEnv'>, not a Gymnasium environment. In this case, we expect OpenAI Gym to be installed and the environment to be an OpenAI Gym environment.
Traceback (most recent call last):
  File "/home/fernando-rubio/Área de trabalho/teste/optuna_optimization_fast3.py", line 395, in objective
    train_env = DummyVecEnv([make_env(train_path, **env_kwargs)
               ^^^^^^^^^^^^^^^^^^^^^^^^^^^^^^^^^^^^^^^^^^^^^^^
  File "/home/fernando-rubio/Área de trabalho/V0/env/lib/python3.12/site-packages/stable_baselines3/common/vec_env/dummy_vec_env.py", line 31, in __init__
    self.envs = [_patch_env(fn()) for fn in env_fns]
                 ^^^^^^^^^^^^^^^^
  File "/home/fernando-rubio/Área de trabalho/V0/env/lib/python3.12/site-packages/stable_baselines3/common/vec_env/patch_gym.py", line 33, in _patch_env
    raise ValueError(
ValueError: The environment is of type <class '__main__.ImprovedScalpingEnv'>, not a Gymnasium environment. In this case, we expect OpenAI Gym to be installed and the environment to be an OpenAI Gym environment.

[I 2025-06-10 20:21:32,666] Trial 3 finished with value: -1.0 and parameters: {'learning_rate': 0.0007511629204506943, 'transaction_cost': 0.0004048114562505223, 'profit_threshold': 0.007948901413997587, 'stop_loss_threshold': 0.001416496403796892}. Best is trial 0 with value: -1.0.
=== TRIAL 4 ===
Trial 4: LR=0.000106, Profit_th=0.0055, Transaction_cost=0.0002
Usando dados existentes: ETHUSDT_5m_5000.csv
Criando 2 splits do arquivo ETHUSDT_5m_5000.csv
Dataset tem 5000 linhas
Train size: 2500, Test size: 1250
Split 0: Train=2500, Test=1250
Split 1: Train=2500, Test=1250
Criados 2 splits
Treinando modelo com: train_split_1.csv
Mock environment criado com: {'csv_path': 'train_split_1.csv', 'live_stream': False, 'profit_threshold': 0.0055079665054989825, 'stop_loss_threshold': 0.005623046979775927, 'max_position_time': 40, 'transaction_cost': 0.00022457593917925747, 'force_dim': 20, 'use_realistic_fees': True}
ERRO no trial 4: The environment is of type <class '__main__.ImprovedScalpingEnv'>, not a Gymnasium environment. In this case, we expect OpenAI Gym to be installed and the environment to be an OpenAI Gym environment.
Traceback (most recent call last):
  File "/home/fernando-rubio/Área de trabalho/teste/optuna_optimization_fast3.py", line 395, in objective
    train_env = DummyVecEnv([make_env(train_path, **env_kwargs)
               ^^^^^^^^^^^^^^^^^^^^^^^^^^^^^^^^^^^^^^^^^^^^^^^
  File "/home/fernando-rubio/Área de trabalho/V0/env/lib/python3.12/site-packages/stable_baselines3/common/vec_env/dummy_vec_env.py", line 31, in __init__
    self.envs = [_patch_env(fn()) for fn in env_fns]
                 ^^^^^^^^^^^^^^^^
  File "/home/fernando-rubio/Área de trabalho/V0/env/lib/python3.12/site-packages/stable_baselines3/common/vec_env/patch_gym.py", line 33, in _patch_env
    raise ValueError(
ValueError: The environment is of type <class '__main__.ImprovedScalpingEnv'>, not a Gymnasium environment. In this case, we expect OpenAI Gym to be installed and the environment to be an OpenAI Gym environment.

[I 2025-06-10 20:21:32,761] Trial 4 finished with value: -1.0 and parameters: {'learning_rate': 0.00010646744403784013, 'transaction_cost': 0.00022457593917925747, 'profit_threshold': 0.0055079665054989825, 'stop_loss_threshold': 0.005623046979775927}. Best is trial 0 with value: -1.0.
=== TRIAL 5 ===
Trial 5: LR=0.000050, Profit_th=0.0008, Transaction_cost=0.0004
Usando dados existentes: ETHUSDT_5m_5000.csv
Criando 2 splits do arquivo ETHUSDT_5m_5000.csv
Dataset tem 5000 linhas
Train size: 2500, Test size: 1250
Split 0: Train=2500, Test=1250
Split 1: Train=2500, Test=1250
Criados 2 splits
Treinando modelo com: train_split_1.csv
Mock environment criado com: {'csv_path': 'train_split_1.csv', 'live_stream': False, 'profit_threshold': 0.000801592798948964, 'stop_loss_threshold': 0.001214571848842464, 'max_position_time': 40, 'transaction_cost': 0.00037482327408849283, 'force_dim': 20, 'use_realistic_fees': True}
ERRO no trial 5: The environment is of type <class '__main__.ImprovedScalpingEnv'>, not a Gymnasium environment. In this case, we expect OpenAI Gym to be installed and the environment to be an OpenAI Gym environment.
Traceback (most recent call last):
  File "/home/fernando-rubio/Área de trabalho/teste/optuna_optimization_fast3.py", line 395, in objective
    train_env = DummyVecEnv([make_env(train_path, **env_kwargs)
               ^^^^^^^^^^^^^^^^^^^^^^^^^^^^^^^^^^^^^^^^^^^^^^^
  File "/home/fernando-rubio/Área de trabalho/V0/env/lib/python3.12/site-packages/stable_baselines3/common/vec_env/dummy_vec_env.py", line 31, in __init__
    self.envs = [_patch_env(fn()) for fn in env_fns]
                 ^^^^^^^^^^^^^^^^
  File "/home/fernando-rubio/Área de trabalho/V0/env/lib/python3.12/site-packages/stable_baselines3/common/vec_env/patch_gym.py", line 33, in _patch_env
    raise ValueError(
ValueError: The environment is of type <class '__main__.ImprovedScalpingEnv'>, not a Gymnasium environment. In this case, we expect OpenAI Gym to be installed and the environment to be an OpenAI Gym environment.

[I 2025-06-10 20:21:32,855] Trial 5 finished with value: -1.0 and parameters: {'learning_rate': 5.043887087299898e-05, 'transaction_cost': 0.00037482327408849283, 'profit_threshold': 0.000801592798948964, 'stop_loss_threshold': 0.001214571848842464}. Best is trial 0 with value: -1.0.
=== TRIAL 6 ===
Trial 6: LR=0.000643, Profit_th=0.0068, Transaction_cost=0.0002
Usando dados existentes: ETHUSDT_5m_5000.csv
Criando 2 splits do arquivo ETHUSDT_5m_5000.csv
Dataset tem 5000 linhas
Train size: 2500, Test size: 1250
Split 0: Train=2500, Test=1250
Split 1: Train=2500, Test=1250
Criados 2 splits
Treinando modelo com: train_split_1.csv
Mock environment criado com: {'csv_path': 'train_split_1.csv', 'live_stream': False, 'profit_threshold': 0.006849543291354999, 'stop_loss_threshold': 0.007387303456386852, 'max_position_time': 40, 'transaction_cost': 0.00024078156272873167, 'force_dim': 20, 'use_realistic_fees': True}
ERRO no trial 6: The environment is of type <class '__main__.ImprovedScalpingEnv'>, not a Gymnasium environment. In this case, we expect OpenAI Gym to be installed and the environment to be an OpenAI Gym environment.
Traceback (most recent call last):
  File "/home/fernando-rubio/Área de trabalho/teste/optuna_optimization_fast3.py", line 395, in objective
    train_env = DummyVecEnv([make_env(train_path, **env_kwargs)
               ^^^^^^^^^^^^^^^^^^^^^^^^^^^^^^^^^^^^^^^^^^^^^^^
  File "/home/fernando-rubio/Área de trabalho/V0/env/lib/python3.12/site-packages/stable_baselines3/common/vec_env/dummy_vec_env.py", line 31, in __init__
    self.envs = [_patch_env(fn()) for fn in env_fns]
                 ^^^^^^^^^^^^^^^^
  File "/home/fernando-rubio/Área de trabalho/V0/env/lib/python3.12/site-packages/stable_baselines3/common/vec_env/patch_gym.py", line 33, in _patch_env
    raise ValueError(
ValueError: The environment is of type <class '__main__.ImprovedScalpingEnv'>, not a Gymnasium environment. In this case, we expect OpenAI Gym to be installed and the environment to be an OpenAI Gym environment.

[I 2025-06-10 20:21:32,950] Trial 6 finished with value: -1.0 and parameters: {'learning_rate': 0.000642892953824132, 'transaction_cost': 0.00024078156272873167, 'profit_threshold': 0.006849543291354999, 'stop_loss_threshold': 0.007387303456386852}. Best is trial 0 with value: -1.0.
=== TRIAL 7 ===
Trial 7: LR=0.000896, Profit_th=0.0099, Transaction_cost=0.0002
Usando dados existentes: ETHUSDT_5m_5000.csv
Criando 2 splits do arquivo ETHUSDT_5m_5000.csv
Dataset tem 5000 linhas
Train size: 2500, Test size: 1250
Split 0: Train=2500, Test=1250
Split 1: Train=2500, Test=1250
Criados 2 splits
Treinando modelo com: train_split_1.csv
Mock environment criado com: {'csv_path': 'train_split_1.csv', 'live_stream': False, 'profit_threshold': 0.009854648805847811, 'stop_loss_threshold': 0.00839895067802701, 'max_position_time': 40, 'transaction_cost': 0.00020241212392838837, 'force_dim': 20, 'use_realistic_fees': True}
ERRO no trial 7: The environment is of type <class '__main__.ImprovedScalpingEnv'>, not a Gymnasium environment. In this case, we expect OpenAI Gym to be installed and the environment to be an OpenAI Gym environment.
Traceback (most recent call last):
  File "/home/fernando-rubio/Área de trabalho/teste/optuna_optimization_fast3.py", line 395, in objective
    train_env = DummyVecEnv([make_env(train_path, **env_kwargs)
               ^^^^^^^^^^^^^^^^^^^^^^^^^^^^^^^^^^^^^^^^^^^^^^^
  File "/home/fernando-rubio/Área de trabalho/V0/env/lib/python3.12/site-packages/stable_baselines3/common/vec_env/dummy_vec_env.py", line 31, in __init__
    self.envs = [_patch_env(fn()) for fn in env_fns]
                 ^^^^^^^^^^^^^^^^
  File "/home/fernando-rubio/Área de trabalho/V0/env/lib/python3.12/site-packages/stable_baselines3/common/vec_env/patch_gym.py", line 33, in _patch_env
    raise ValueError(
ValueError: The environment is of type <class '__main__.ImprovedScalpingEnv'>, not a Gymnasium environment. In this case, we expect OpenAI Gym to be installed and the environment to be an OpenAI Gym environment.

[I 2025-06-10 20:21:33,046] Trial 7 finished with value: -1.0 and parameters: {'learning_rate': 0.000896199213845982, 'transaction_cost': 0.00020241212392838837, 'profit_threshold': 0.009854648805847811, 'stop_loss_threshold': 0.00839895067802701}. Best is trial 0 with value: -1.0.
=== TRIAL 8 ===
Trial 8: LR=0.000013, Profit_th=0.0013, Transaction_cost=0.0005
Usando dados existentes: ETHUSDT_5m_5000.csv
Criando 2 splits do arquivo ETHUSDT_5m_5000.csv
Dataset tem 5000 linhas
Train size: 2500, Test size: 1250
Split 0: Train=2500, Test=1250
Split 1: Train=2500, Test=1250
Criados 2 splits
Treinando modelo com: train_split_1.csv
Mock environment criado com: {'csv_path': 'train_split_1.csv', 'live_stream': False, 'profit_threshold': 0.0012662260233768509, 'stop_loss_threshold': 0.002148172351814779, 'max_position_time': 40, 'transaction_cost': 0.00045407065636617603, 'force_dim': 20, 'use_realistic_fees': True}
ERRO no trial 8: The environment is of type <class '__main__.ImprovedScalpingEnv'>, not a Gymnasium environment. In this case, we expect OpenAI Gym to be installed and the environment to be an OpenAI Gym environment.
Traceback (most recent call last):
  File "/home/fernando-rubio/Área de trabalho/teste/optuna_optimization_fast3.py", line 395, in objective
    train_env = DummyVecEnv([make_env(train_path, **env_kwargs)
               ^^^^^^^^^^^^^^^^^^^^^^^^^^^^^^^^^^^^^^^^^^^^^^^
  File "/home/fernando-rubio/Área de trabalho/V0/env/lib/python3.12/site-packages/stable_baselines3/common/vec_env/dummy_vec_env.py", line 31, in __init__
    self.envs = [_patch_env(fn()) for fn in env_fns]
                 ^^^^^^^^^^^^^^^^
  File "/home/fernando-rubio/Área de trabalho/V0/env/lib/python3.12/site-packages/stable_baselines3/common/vec_env/patch_gym.py", line 33, in _patch_env
    raise ValueError(
ValueError: The environment is of type <class '__main__.ImprovedScalpingEnv'>, not a Gymnasium environment. In this case, we expect OpenAI Gym to be installed and the environment to be an OpenAI Gym environment.

[I 2025-06-10 20:21:33,141] Trial 8 finished with value: -1.0 and parameters: {'learning_rate': 1.3331653509151618e-05, 'transaction_cost': 0.00045407065636617603, 'profit_threshold': 0.0012662260233768509, 'stop_loss_threshold': 0.002148172351814779}. Best is trial 0 with value: -1.0.
=== TRIAL 9 ===
Trial 9: LR=0.001928, Profit_th=0.0090, Transaction_cost=0.0003
Usando dados existentes: ETHUSDT_5m_5000.csv
Criando 2 splits do arquivo ETHUSDT_5m_5000.csv
Dataset tem 5000 linhas
Train size: 2500, Test size: 1250
Split 0: Train=2500, Test=1250
Split 1: Train=2500, Test=1250
Criados 2 splits
Treinando modelo com: train_split_1.csv
Mock environment criado com: {'csv_path': 'train_split_1.csv', 'live_stream': False, 'profit_threshold': 0.009020233586140432, 'stop_loss_threshold': 0.008950759776189001, 'max_position_time': 40, 'transaction_cost': 0.000297020529376208, 'force_dim': 20, 'use_realistic_fees': True}
ERRO no trial 9: The environment is of type <class '__main__.ImprovedScalpingEnv'>, not a Gymnasium environment. In this case, we expect OpenAI Gym to be installed and the environment to be an OpenAI Gym environment.
Traceback (most recent call last):
  File "/home/fernando-rubio/Área de trabalho/teste/optuna_optimization_fast3.py", line 395, in objective
    train_env = DummyVecEnv([make_env(train_path, **env_kwargs)
               ^^^^^^^^^^^^^^^^^^^^^^^^^^^^^^^^^^^^^^^^^^^^^^^
  File "/home/fernando-rubio/Área de trabalho/V0/env/lib/python3.12/site-packages/stable_baselines3/common/vec_env/dummy_vec_env.py", line 31, in __init__
    self.envs = [_patch_env(fn()) for fn in env_fns]
                 ^^^^^^^^^^^^^^^^
  File "/home/fernando-rubio/Área de trabalho/V0/env/lib/python3.12/site-packages/stable_baselines3/common/vec_env/patch_gym.py", line 33, in _patch_env
    raise ValueError(
ValueError: The environment is of type <class '__main__.ImprovedScalpingEnv'>, not a Gymnasium environment. In this case, we expect OpenAI Gym to be installed and the environment to be an OpenAI Gym environment.

