[I 2025-06-10 20:21:34,352] Trial 19 finished with value: -1.0 and parameters: {'learning_rate': 0.0016327771972320636, 'transaction_cost': 0.00034668857367404983, 'profit_threshold': 0.006629505535832945, 'stop_loss_threshold': 0.0030533666048218125}. Best is trial 0 with value: -1.0.
=== TRIAL 20 ===
Trial 20: LR=0.000374, Profit_th=0.0087, Transaction_cost=0.0005
Usando dados existentes: ETHUSDT_5m_5000.csv
Criando 2 splits do arquivo ETHUSDT_5m_5000.csv
Dataset tem 5000 linhas
Train size: 2500, Test size: 1250
Split 0: Train=2500, Test=1250
Split 1: Train=2500, Test=1250
Criados 2 splits
Treinando modelo com: train_split_1.csv
Mock environment criado com: {'csv_path': 'train_split_1.csv', 'live_stream': False, 'profit_threshold': 0.008683440773408768, 'stop_loss_threshold': 0.0050893835391633575, 'max_position_time': 40, 'transaction_cost': 0.00045281261699662347, 'force_dim': 20, 'use_realistic_fees': True}
ERRO no trial 20: The environment is of type <class '__main__.ImprovedScalpingEnv'>, not a Gymnasium environment. In this case, we expect OpenAI Gym to be installed and the environment to be an OpenAI Gym environment.
Traceback (most recent call last):
  File "/home/fernando-rubio/Área de trabalho/teste/optuna_optimization_fast3.py", line 395, in objective
    train_env = DummyVecEnv([make_env(train_path, **env_kwargs)
               ^^^^^^^^^^^^^^^^^^^^^^^^^^^^^^^^^^^^^^^^^^^^^^^
  File "/home/fernando-rubio/Área de trabalho/V0/env/lib/python3.12/site-packages/stable_baselines3/common/vec_env/dummy_vec_env.py", line 31, in __init__
    self.envs = [_patch_env(fn()) for fn in env_fns]
                 ^^^^^^^^^^^^^^^^
  File "/home/fernando-rubio/Área de trabalho/V0/env/lib/python3.12/site-packages/stable_baselines3/common/vec_env/patch_gym.py", line 33, in _patch_env
    raise ValueError(
ValueError: The environment is of type <class '__main__.ImprovedScalpingEnv'>, not a Gymnasium environment. In this case, we expect OpenAI Gym to be installed and the environment to be an OpenAI Gym environment.

[I 2025-06-10 20:21:34,466] Trial 20 finished with value: -1.0 and parameters: {'learning_rate': 0.0003735073239809682, 'transaction_cost': 0.00045281261699662347, 'profit_threshold': 0.008683440773408768, 'stop_loss_threshold': 0.0050893835391633575}. Best is trial 0 with value: -1.0.
=== TRIAL 21 ===
Trial 21: LR=0.000031, Profit_th=0.0099, Transaction_cost=0.0003
Usando dados existentes: ETHUSDT_5m_5000.csv
Criando 2 splits do arquivo ETHUSDT_5m_5000.csv
Dataset tem 5000 linhas
Train size: 2500, Test size: 1250
Split 0: Train=2500, Test=1250
Split 1: Train=2500, Test=1250
Criados 2 splits
Treinando modelo com: train_split_1.csv
Mock environment criado com: {'csv_path': 'train_split_1.csv', 'live_stream': False, 'profit_threshold': 0.009882701113359494, 'stop_loss_threshold': 0.0021637160150107387, 'max_position_time': 40, 'transaction_cost': 0.00027141724073381605, 'force_dim': 20, 'use_realistic_fees': True}
ERRO no trial 21: The environment is of type <class '__main__.ImprovedScalpingEnv'>, not a Gymnasium environment. In this case, we expect OpenAI Gym to be installed and the environment to be an OpenAI Gym environment.
Traceback (most recent call last):
  File "/home/fernando-rubio/Área de trabalho/teste/optuna_optimization_fast3.py", line 395, in objective
    train_env = DummyVecEnv([make_env(train_path, **env_kwargs)
               ^^^^^^^^^^^^^^^^^^^^^^^^^^^^^^^^^^^^^^^^^^^^^^^
  File "/home/fernando-rubio/Área de trabalho/V0/env/lib/python3.12/site-packages/stable_baselines3/common/vec_env/dummy_vec_env.py", line 31, in __init__
    self.envs = [_patch_env(fn()) for fn in env_fns]
                 ^^^^^^^^^^^^^^^^
  File "/home/fernando-rubio/Área de trabalho/V0/env/lib/python3.12/site-packages/stable_baselines3/common/vec_env/patch_gym.py", line 33, in _patch_env
    raise ValueError(
ValueError: The environment is of type <class '__main__.ImprovedScalpingEnv'>, not a Gymnasium environment. In this case, we expect OpenAI Gym to be installed and the environment to be an OpenAI Gym environment.

[I 2025-06-10 20:21:34,580] Trial 21 finished with value: -1.0 and parameters: {'learning_rate': 3.11572191244944e-05, 'transaction_cost': 0.00027141724073381605, 'profit_threshold': 0.009882701113359494, 'stop_loss_threshold': 0.0021637160150107387}. Best is trial 0 with value: -1.0.
=== TRIAL 22 ===
Trial 22: LR=0.000061, Profit_th=0.0086, Transaction_cost=0.0003
Usando dados existentes: ETHUSDT_5m_5000.csv
Criando 2 splits do arquivo ETHUSDT_5m_5000.csv
Dataset tem 5000 linhas
Train size: 2500, Test size: 1250
Split 0: Train=2500, Test=1250
Split 1: Train=2500, Test=1250
Criados 2 splits
Treinando modelo com: train_split_1.csv
Mock environment criado com: {'csv_path': 'train_split_1.csv', 'live_stream': False, 'profit_threshold': 0.008632184760546962, 'stop_loss_threshold': 0.0020316262341847956, 'max_position_time': 40, 'transaction_cost': 0.0003197094599427087, 'force_dim': 20, 'use_realistic_fees': True}
ERRO no trial 22: The environment is of type <class '__main__.ImprovedScalpingEnv'>, not a Gymnasium environment. In this case, we expect OpenAI Gym to be installed and the environment to be an OpenAI Gym environment.
Traceback (most recent call last):
  File "/home/fernando-rubio/Área de trabalho/teste/optuna_optimization_fast3.py", line 395, in objective
    train_env = DummyVecEnv([make_env(train_path, **env_kwargs)
               ^^^^^^^^^^^^^^^^^^^^^^^^^^^^^^^^^^^^^^^^^^^^^^^
  File "/home/fernando-rubio/Área de trabalho/V0/env/lib/python3.12/site-packages/stable_baselines3/common/vec_env/dummy_vec_env.py", line 31, in __init__
    self.envs = [_patch_env(fn()) for fn in env_fns]
                 ^^^^^^^^^^^^^^^^
  File "/home/fernando-rubio/Área de trabalho/V0/env/lib/python3.12/site-packages/stable_baselines3/common/vec_env/patch_gym.py", line 33, in _patch_env
    raise ValueError(
ValueError: The environment is of type <class '__main__.ImprovedScalpingEnv'>, not a Gymnasium environment. In this case, we expect OpenAI Gym to be installed and the environment to be an OpenAI Gym environment.

[I 2025-06-10 20:21:34,693] Trial 22 finished with value: -1.0 and parameters: {'learning_rate': 6.131210858043427e-05, 'transaction_cost': 0.0003197094599427087, 'profit_threshold': 0.008632184760546962, 'stop_loss_threshold': 0.0020316262341847956}. Best is trial 0 with value: -1.0.
=== TRIAL 23 ===
Trial 23: LR=0.000025, Profit_th=0.0094, Transaction_cost=0.0003
Usando dados existentes: ETHUSDT_5m_5000.csv
Criando 2 splits do arquivo ETHUSDT_5m_5000.csv
Dataset tem 5000 linhas
Train size: 2500, Test size: 1250
Split 0: Train=2500, Test=1250
Split 1: Train=2500, Test=1250
Criados 2 splits
Treinando modelo com: train_split_1.csv
Mock environment criado com: {'csv_path': 'train_split_1.csv', 'live_stream': False, 'profit_threshold': 0.009428877148343402, 'stop_loss_threshold': 0.0008975503276231569, 'max_position_time': 40, 'transaction_cost': 0.0002552724671401114, 'force_dim': 20, 'use_realistic_fees': True}
ERRO no trial 23: The environment is of type <class '__main__.ImprovedScalpingEnv'>, not a Gymnasium environment. In this case, we expect OpenAI Gym to be installed and the environment to be an OpenAI Gym environment.
Traceback (most recent call last):
  File "/home/fernando-rubio/Área de trabalho/teste/optuna_optimization_fast3.py", line 395, in objective
    train_env = DummyVecEnv([make_env(train_path, **env_kwargs)
               ^^^^^^^^^^^^^^^^^^^^^^^^^^^^^^^^^^^^^^^^^^^^^^^
  File "/home/fernando-rubio/Área de trabalho/V0/env/lib/python3.12/site-packages/stable_baselines3/common/vec_env/dummy_vec_env.py", line 31, in __init__
    self.envs = [_patch_env(fn()) for fn in env_fns]
                 ^^^^^^^^^^^^^^^^
  File "/home/fernando-rubio/Área de trabalho/V0/env/lib/python3.12/site-packages/stable_baselines3/common/vec_env/patch_gym.py", line 33, in _patch_env
    raise ValueError(
ValueError: The environment is of type <class '__main__.ImprovedScalpingEnv'>, not a Gymnasium environment. In this case, we expect OpenAI Gym to be installed and the environment to be an OpenAI Gym environment.

[I 2025-06-10 20:21:34,808] Trial 23 finished with value: -1.0 and parameters: {'learning_rate': 2.511669071519122e-05, 'transaction_cost': 0.0002552724671401114, 'profit_threshold': 0.009428877148343402, 'stop_loss_threshold': 0.0008975503276231569}. Best is trial 0 with value: -1.0.
=== TRIAL 24 ===
Trial 24: LR=0.000114, Profit_th=0.0073, Transaction_cost=0.0005
Usando dados existentes: ETHUSDT_5m_5000.csv
Criando 2 splits do arquivo ETHUSDT_5m_5000.csv
Dataset tem 5000 linhas
Train size: 2500, Test size: 1250
Split 0: Train=2500, Test=1250
Split 1: Train=2500, Test=1250
Criados 2 splits
Treinando modelo com: train_split_1.csv
Mock environment criado com: {'csv_path': 'train_split_1.csv', 'live_stream': False, 'profit_threshold': 0.007349838751703495, 'stop_loss_threshold': 0.0036435271685313093, 'max_position_time': 40, 'transaction_cost': 0.00046240760228251723, 'force_dim': 20, 'use_realistic_fees': True}
ERRO no trial 24: The environment is of type <class '__main__.ImprovedScalpingEnv'>, not a Gymnasium environment. In this case, we expect OpenAI Gym to be installed and the environment to be an OpenAI Gym environment.
Traceback (most recent call last):
  File "/home/fernando-rubio/Área de trabalho/teste/optuna_optimization_fast3.py", line 395, in objective
    train_env = DummyVecEnv([make_env(train_path, **env_kwargs)
               ^^^^^^^^^^^^^^^^^^^^^^^^^^^^^^^^^^^^^^^^^^^^^^^
  File "/home/fernando-rubio/Área de trabalho/V0/env/lib/python3.12/site-packages/stable_baselines3/common/vec_env/dummy_vec_env.py", line 31, in __init__
    self.envs = [_patch_env(fn()) for fn in env_fns]
                 ^^^^^^^^^^^^^^^^
  File "/home/fernando-rubio/Área de trabalho/V0/env/lib/python3.12/site-packages/stable_baselines3/common/vec_env/patch_gym.py", line 33, in _patch_env
    raise ValueError(
ValueError: The environment is of type <class '__main__.ImprovedScalpingEnv'>, not a Gymnasium environment. In this case, we expect OpenAI Gym to be installed and the environment to be an OpenAI Gym environment.

[I 2025-06-10 20:21:34,922] Trial 24 finished with value: -1.0 and parameters: {'learning_rate': 0.00011446451808736955, 'transaction_cost': 0.00046240760228251723, 'profit_threshold': 0.007349838751703495, 'stop_loss_threshold': 0.0036435271685313093}. Best is trial 0 with value: -1.0.
=== RESULTADOS ===
Trials completados: 25
Trials pruned: 0
Melhores hiperparâmetros: {'learning_rate': 0.0013163519829525788, 'transaction_cost': 0.00034910874484683606, 'profit_threshold': 0.00952111756019375, 'stop_loss_threshold': 0.0010215667803011497}
Melhor score: -1.000000
Métricas do melhor trial:
  - Total Profit: N/A
  - Average Reward: N/A
Traceback (most recent call last):
  File "/home/fernando-rubio/Área de trabalho/teste/optuna_optimization_fast3.py", line 562, in <module>
    best_params = main()
                  ^^^^^^
  File "/home/fernando-rubio/Área de trabalho/teste/optuna_optimization_fast3.py", line 532, in main
    print(f"  - Win Rate: {best_trial.user_attrs.get('win_rate', 'N/A'):.2f}")
                          ^^^^^^^^^^^^^^^^^^^^^^^^^^^^^^^^^^^^^^^^^^^^^^^^^^
ValueError: Unknown format code 'f' for object of type 'str'
