[I 2025-06-10 20:21:33,236] Trial 9 finished with value: -1.0 and parameters: {'learning_rate': 0.0019277577009199876, 'transaction_cost': 0.000297020529376208, 'profit_threshold': 0.009020233586140432, 'stop_loss_threshold': 0.008950759776189001}. Best is trial 0 with value: -1.0.
=== TRIAL 10 ===
Trial 10: LR=0.009900, Profit_th=0.0036, Transaction_cost=0.0003
Usando dados existentes: ETHUSDT_5m_5000.csv
Criando 2 splits do arquivo ETHUSDT_5m_5000.csv
Dataset tem 5000 linhas
Train size: 2500, Test size: 1250
Split 0: Train=2500, Test=1250
Split 1: Train=2500, Test=1250
Criados 2 splits
Treinando modelo com: train_split_1.csv
Mock environment criado com: {'csv_path': 'train_split_1.csv', 'live_stream': False, 'profit_threshold': 0.003633792461451021, 'stop_loss_threshold': 0.004150581386800681, 'max_position_time': 40, 'transaction_cost': 0.000309473295271918, 'force_dim': 20, 'use_realistic_fees': True}
ERRO no trial 10: The environment is of type <class '__main__.ImprovedScalpingEnv'>, not a Gymnasium environment. In this case, we expect OpenAI Gym to be installed and the environment to be an OpenAI Gym environment.
Traceback (most recent call last):
  File "/home/fernando-rubio/Área de trabalho/teste/optuna_optimization_fast3.py", line 395, in objective
    train_env = DummyVecEnv([make_env(train_path, **env_kwargs)
               ^^^^^^^^^^^^^^^^^^^^^^^^^^^^^^^^^^^^^^^^^^^^^^^
  File "/home/fernando-rubio/Área de trabalho/V0/env/lib/python3.12/site-packages/stable_baselines3/common/vec_env/dummy_vec_env.py", line 31, in __init__
    self.envs = [_patch_env(fn()) for fn in env_fns]
                 ^^^^^^^^^^^^^^^^
  File "/home/fernando-rubio/Área de trabalho/V0/env/lib/python3.12/site-packages/stable_baselines3/common/vec_env/patch_gym.py", line 33, in _patch_env
    raise ValueError(
ValueError: The environment is of type <class '__main__.ImprovedScalpingEnv'>, not a Gymnasium environment. In this case, we expect OpenAI Gym to be installed and the environment to be an OpenAI Gym environment.

[I 2025-06-10 20:21:33,347] Trial 10 finished with value: -1.0 and parameters: {'learning_rate': 0.009900207813140301, 'transaction_cost': 0.000309473295271918, 'profit_threshold': 0.003633792461451021, 'stop_loss_threshold': 0.004150581386800681}. Best is trial 0 with value: -1.0.
=== TRIAL 11 ===
Trial 11: LR=0.003110, Profit_th=0.0042, Transaction_cost=0.0005
Usando dados existentes: ETHUSDT_5m_5000.csv
Criando 2 splits do arquivo ETHUSDT_5m_5000.csv
Dataset tem 5000 linhas
Train size: 2500, Test size: 1250
Split 0: Train=2500, Test=1250
Split 1: Train=2500, Test=1250
Criados 2 splits
Treinando modelo com: train_split_1.csv
Mock environment criado com: {'csv_path': 'train_split_1.csv', 'live_stream': False, 'profit_threshold': 0.004164155329344658, 'stop_loss_threshold': 0.0044488225450075615, 'max_position_time': 40, 'transaction_cost': 0.00048326921106147346, 'force_dim': 20, 'use_realistic_fees': True}
ERRO no trial 11: The environment is of type <class '__main__.ImprovedScalpingEnv'>, not a Gymnasium environment. In this case, we expect OpenAI Gym to be installed and the environment to be an OpenAI Gym environment.
Traceback (most recent call last):
  File "/home/fernando-rubio/Área de trabalho/teste/optuna_optimization_fast3.py", line 395, in objective
    train_env = DummyVecEnv([make_env(train_path, **env_kwargs)
               ^^^^^^^^^^^^^^^^^^^^^^^^^^^^^^^^^^^^^^^^^^^^^^^
  File "/home/fernando-rubio/Área de trabalho/V0/env/lib/python3.12/site-packages/stable_baselines3/common/vec_env/dummy_vec_env.py", line 31, in __init__
    self.envs = [_patch_env(fn()) for fn in env_fns]
                 ^^^^^^^^^^^^^^^^
  File "/home/fernando-rubio/Área de trabalho/V0/env/lib/python3.12/site-packages/stable_baselines3/common/vec_env/patch_gym.py", line 33, in _patch_env
    raise ValueError(
ValueError: The environment is of type <class '__main__.ImprovedScalpingEnv'>, not a Gymnasium environment. In this case, we expect OpenAI Gym to be installed and the environment to be an OpenAI Gym environment.

[I 2025-06-10 20:21:33,459] Trial 11 finished with value: -1.0 and parameters: {'learning_rate': 0.0031096156461438737, 'transaction_cost': 0.00048326921106147346, 'profit_threshold': 0.004164155329344658, 'stop_loss_threshold': 0.0044488225450075615}. Best is trial 0 with value: -1.0.
=== TRIAL 12 ===
Trial 12: LR=0.000154, Profit_th=0.0066, Transaction_cost=0.0004
Usando dados existentes: ETHUSDT_5m_5000.csv
Criando 2 splits do arquivo ETHUSDT_5m_5000.csv
Dataset tem 5000 linhas
Train size: 2500, Test size: 1250
Split 0: Train=2500, Test=1250
Split 1: Train=2500, Test=1250
Criados 2 splits
Treinando modelo com: train_split_1.csv
Mock environment criado com: {'csv_path': 'train_split_1.csv', 'live_stream': False, 'profit_threshold': 0.006601771256121919, 'stop_loss_threshold': 4.6465711670246046e-05, 'max_position_time': 40, 'transaction_cost': 0.00041894082520011643, 'force_dim': 20, 'use_realistic_fees': True}
ERRO no trial 12: The environment is of type <class '__main__.ImprovedScalpingEnv'>, not a Gymnasium environment. In this case, we expect OpenAI Gym to be installed and the environment to be an OpenAI Gym environment.
Traceback (most recent call last):
  File "/home/fernando-rubio/Área de trabalho/teste/optuna_optimization_fast3.py", line 395, in objective
    train_env = DummyVecEnv([make_env(train_path, **env_kwargs)
               ^^^^^^^^^^^^^^^^^^^^^^^^^^^^^^^^^^^^^^^^^^^^^^^
  File "/home/fernando-rubio/Área de trabalho/V0/env/lib/python3.12/site-packages/stable_baselines3/common/vec_env/dummy_vec_env.py", line 31, in __init__
    self.envs = [_patch_env(fn()) for fn in env_fns]
                 ^^^^^^^^^^^^^^^^
  File "/home/fernando-rubio/Área de trabalho/V0/env/lib/python3.12/site-packages/stable_baselines3/common/vec_env/patch_gym.py", line 33, in _patch_env
    raise ValueError(
ValueError: The environment is of type <class '__main__.ImprovedScalpingEnv'>, not a Gymnasium environment. In this case, we expect OpenAI Gym to be installed and the environment to be an OpenAI Gym environment.

[I 2025-06-10 20:21:33,572] Trial 12 finished with value: -1.0 and parameters: {'learning_rate': 0.0001535448332922141, 'transaction_cost': 0.00041894082520011643, 'profit_threshold': 0.006601771256121919, 'stop_loss_threshold': 4.6465711670246046e-05}. Best is trial 0 with value: -1.0.
=== TRIAL 13 ===
Trial 13: LR=0.000024, Profit_th=0.0081, Transaction_cost=0.0003
Usando dados existentes: ETHUSDT_5m_5000.csv
Criando 2 splits do arquivo ETHUSDT_5m_5000.csv
Dataset tem 5000 linhas
Train size: 2500, Test size: 1250
Split 0: Train=2500, Test=1250
Split 1: Train=2500, Test=1250
Criados 2 splits
Treinando modelo com: train_split_1.csv
Mock environment criado com: {'csv_path': 'train_split_1.csv', 'live_stream': False, 'profit_threshold': 0.008096360717613518, 'stop_loss_threshold': 0.006030722914784546, 'max_position_time': 40, 'transaction_cost': 0.00033634655075053194, 'force_dim': 20, 'use_realistic_fees': True}
ERRO no trial 13: The environment is of type <class '__main__.ImprovedScalpingEnv'>, not a Gymnasium environment. In this case, we expect OpenAI Gym to be installed and the environment to be an OpenAI Gym environment.
Traceback (most recent call last):
  File "/home/fernando-rubio/Área de trabalho/teste/optuna_optimization_fast3.py", line 395, in objective
    train_env = DummyVecEnv([make_env(train_path, **env_kwargs)
               ^^^^^^^^^^^^^^^^^^^^^^^^^^^^^^^^^^^^^^^^^^^^^^^
  File "/home/fernando-rubio/Área de trabalho/V0/env/lib/python3.12/site-packages/stable_baselines3/common/vec_env/dummy_vec_env.py", line 31, in __init__
    self.envs = [_patch_env(fn()) for fn in env_fns]
                 ^^^^^^^^^^^^^^^^
  File "/home/fernando-rubio/Área de trabalho/V0/env/lib/python3.12/site-packages/stable_baselines3/common/vec_env/patch_gym.py", line 33, in _patch_env
    raise ValueError(
ValueError: The environment is of type <class '__main__.ImprovedScalpingEnv'>, not a Gymnasium environment. In this case, we expect OpenAI Gym to be installed and the environment to be an OpenAI Gym environment.

[I 2025-06-10 20:21:33,683] Trial 13 finished with value: -1.0 and parameters: {'learning_rate': 2.3903065284198476e-05, 'transaction_cost': 0.00033634655075053194, 'profit_threshold': 0.008096360717613518, 'stop_loss_threshold': 0.006030722914784546}. Best is trial 0 with value: -1.0.
=== TRIAL 14 ===
Trial 14: LR=0.000238, Profit_th=0.0029, Transaction_cost=0.0004
Usando dados existentes: ETHUSDT_5m_5000.csv
Criando 2 splits do arquivo ETHUSDT_5m_5000.csv
Dataset tem 5000 linhas
Train size: 2500, Test size: 1250
Split 0: Train=2500, Test=1250
Split 1: Train=2500, Test=1250
Criados 2 splits
Treinando modelo com: train_split_1.csv
Mock environment criado com: {'csv_path': 'train_split_1.csv', 'live_stream': False, 'profit_threshold': 0.0028969604282479845, 'stop_loss_threshold': 0.003421613674573755, 'max_position_time': 40, 'transaction_cost': 0.00036482248340224813, 'force_dim': 20, 'use_realistic_fees': True}
ERRO no trial 14: The environment is of type <class '__main__.ImprovedScalpingEnv'>, not a Gymnasium environment. In this case, we expect OpenAI Gym to be installed and the environment to be an OpenAI Gym environment.
Traceback (most recent call last):
  File "/home/fernando-rubio/Área de trabalho/teste/optuna_optimization_fast3.py", line 395, in objective
    train_env = DummyVecEnv([make_env(train_path, **env_kwargs)
               ^^^^^^^^^^^^^^^^^^^^^^^^^^^^^^^^^^^^^^^^^^^^^^^
  File "/home/fernando-rubio/Área de trabalho/V0/env/lib/python3.12/site-packages/stable_baselines3/common/vec_env/dummy_vec_env.py", line 31, in __init__
    self.envs = [_patch_env(fn()) for fn in env_fns]
                 ^^^^^^^^^^^^^^^^
  File "/home/fernando-rubio/Área de trabalho/V0/env/lib/python3.12/site-packages/stable_baselines3/common/vec_env/patch_gym.py", line 33, in _patch_env
    raise ValueError(
ValueError: The environment is of type <class '__main__.ImprovedScalpingEnv'>, not a Gymnasium environment. In this case, we expect OpenAI Gym to be installed and the environment to be an OpenAI Gym environment.

[I 2025-06-10 20:21:33,795] Trial 14 finished with value: -1.0 and parameters: {'learning_rate': 0.00023824333504828826, 'transaction_cost': 0.00036482248340224813, 'profit_threshold': 0.0028969604282479845, 'stop_loss_threshold': 0.003421613674573755}. Best is trial 0 with value: -1.0.
=== TRIAL 15 ===
Trial 15: LR=0.004262, Profit_th=0.0057, Transaction_cost=0.0003
Usando dados existentes: ETHUSDT_5m_5000.csv
Criando 2 splits do arquivo ETHUSDT_5m_5000.csv
Dataset tem 5000 linhas
Train size: 2500, Test size: 1250
Split 0: Train=2500, Test=1250
Split 1: Train=2500, Test=1250
Criados 2 splits
Treinando modelo com: train_split_1.csv
Mock environment criado com: {'csv_path': 'train_split_1.csv', 'live_stream': False, 'profit_threshold': 0.005653937961712587, 'stop_loss_threshold': 0.00673926316953066, 'max_position_time': 40, 'transaction_cost': 0.0002809708389107115, 'force_dim': 20, 'use_realistic_fees': True}
ERRO no trial 15: The environment is of type <class '__main__.ImprovedScalpingEnv'>, not a Gymnasium environment. In this case, we expect OpenAI Gym to be installed and the environment to be an OpenAI Gym environment.
Traceback (most recent call last):
  File "/home/fernando-rubio/Área de trabalho/teste/optuna_optimization_fast3.py", line 395, in objective
    train_env = DummyVecEnv([make_env(train_path, **env_kwargs)
               ^^^^^^^^^^^^^^^^^^^^^^^^^^^^^^^^^^^^^^^^^^^^^^^
  File "/home/fernando-rubio/Área de trabalho/V0/env/lib/python3.12/site-packages/stable_baselines3/common/vec_env/dummy_vec_env.py", line 31, in __init__
    self.envs = [_patch_env(fn()) for fn in env_fns]
                 ^^^^^^^^^^^^^^^^
  File "/home/fernando-rubio/Área de trabalho/V0/env/lib/python3.12/site-packages/stable_baselines3/common/vec_env/patch_gym.py", line 33, in _patch_env
    raise ValueError(
ValueError: The environment is of type <class '__main__.ImprovedScalpingEnv'>, not a Gymnasium environment. In this case, we expect OpenAI Gym to be installed and the environment to be an OpenAI Gym environment.

[I 2025-06-10 20:21:33,906] Trial 15 finished with value: -1.0 and parameters: {'learning_rate': 0.004261870972879303, 'transaction_cost': 0.0002809708389107115, 'profit_threshold': 0.005653937961712587, 'stop_loss_threshold': 0.00673926316953066}. Best is trial 0 with value: -1.0.
=== TRIAL 16 ===
Trial 16: LR=0.000361, Profit_th=0.0076, Transaction_cost=0.0004
Usando dados existentes: ETHUSDT_5m_5000.csv
Criando 2 splits do arquivo ETHUSDT_5m_5000.csv
Dataset tem 5000 linhas
Train size: 2500, Test size: 1250
Split 0: Train=2500, Test=1250
Split 1: Train=2500, Test=1250
Criados 2 splits
Treinando modelo com: train_split_1.csv
Mock environment criado com: {'csv_path': 'train_split_1.csv', 'live_stream': False, 'profit_threshold': 0.007557128076392732, 'stop_loss_threshold': 0.003169104229569894, 'max_position_time': 40, 'transaction_cost': 0.0004305824661246823, 'force_dim': 20, 'use_realistic_fees': True}
ERRO no trial 16: The environment is of type <class '__main__.ImprovedScalpingEnv'>, not a Gymnasium environment. In this case, we expect OpenAI Gym to be installed and the environment to be an OpenAI Gym environment.
Traceback (most recent call last):
  File "/home/fernando-rubio/Área de trabalho/teste/optuna_optimization_fast3.py", line 395, in objective
    train_env = DummyVecEnv([make_env(train_path, **env_kwargs)
               ^^^^^^^^^^^^^^^^^^^^^^^^^^^^^^^^^^^^^^^^^^^^^^^
  File "/home/fernando-rubio/Área de trabalho/V0/env/lib/python3.12/site-packages/stable_baselines3/common/vec_env/dummy_vec_env.py", line 31, in __init__
    self.envs = [_patch_env(fn()) for fn in env_fns]
                 ^^^^^^^^^^^^^^^^
  File "/home/fernando-rubio/Área de trabalho/V0/env/lib/python3.12/site-packages/stable_baselines3/common/vec_env/patch_gym.py", line 33, in _patch_env
    raise ValueError(
ValueError: The environment is of type <class '__main__.ImprovedScalpingEnv'>, not a Gymnasium environment. In this case, we expect OpenAI Gym to be installed and the environment to be an OpenAI Gym environment.

[I 2025-06-10 20:21:34,017] Trial 16 finished with value: -1.0 and parameters: {'learning_rate': 0.00036131753402909275, 'transaction_cost': 0.0004305824661246823, 'profit_threshold': 0.007557128076392732, 'stop_loss_threshold': 0.003169104229569894}. Best is trial 0 with value: -1.0.
=== TRIAL 17 ===
Trial 17: LR=0.000063, Profit_th=0.0046, Transaction_cost=0.0005
Usando dados existentes: ETHUSDT_5m_5000.csv
Criando 2 splits do arquivo ETHUSDT_5m_5000.csv
Dataset tem 5000 linhas
Train size: 2500, Test size: 1250
Split 0: Train=2500, Test=1250
Split 1: Train=2500, Test=1250
Criados 2 splits
Treinando modelo com: train_split_1.csv
Mock environment criado com: {'csv_path': 'train_split_1.csv', 'live_stream': False, 'profit_threshold': 0.004625854388435579, 'stop_loss_threshold': 0.009857691285176337, 'max_position_time': 40, 'transaction_cost': 0.0004891382463360054, 'force_dim': 20, 'use_realistic_fees': True}
ERRO no trial 17: The environment is of type <class '__main__.ImprovedScalpingEnv'>, not a Gymnasium environment. In this case, we expect OpenAI Gym to be installed and the environment to be an OpenAI Gym environment.
Traceback (most recent call last):
  File "/home/fernando-rubio/Área de trabalho/teste/optuna_optimization_fast3.py", line 395, in objective
    train_env = DummyVecEnv([make_env(train_path, **env_kwargs)
               ^^^^^^^^^^^^^^^^^^^^^^^^^^^^^^^^^^^^^^^^^^^^^^^
  File "/home/fernando-rubio/Área de trabalho/V0/env/lib/python3.12/site-packages/stable_baselines3/common/vec_env/dummy_vec_env.py", line 31, in __init__
    self.envs = [_patch_env(fn()) for fn in env_fns]
                 ^^^^^^^^^^^^^^^^
  File "/home/fernando-rubio/Área de trabalho/V0/env/lib/python3.12/site-packages/stable_baselines3/common/vec_env/patch_gym.py", line 33, in _patch_env
    raise ValueError(
ValueError: The environment is of type <class '__main__.ImprovedScalpingEnv'>, not a Gymnasium environment. In this case, we expect OpenAI Gym to be installed and the environment to be an OpenAI Gym environment.

[I 2025-06-10 20:21:34,129] Trial 17 finished with value: -1.0 and parameters: {'learning_rate': 6.277183260825612e-05, 'transaction_cost': 0.0004891382463360054, 'profit_threshold': 0.004625854388435579, 'stop_loss_threshold': 0.009857691285176337}. Best is trial 0 with value: -1.0.
=== TRIAL 18 ===
Trial 18: LR=0.000011, Profit_th=0.0025, Transaction_cost=0.0004
Usando dados existentes: ETHUSDT_5m_5000.csv
Criando 2 splits do arquivo ETHUSDT_5m_5000.csv
Dataset tem 5000 linhas
Train size: 2500, Test size: 1250
Split 0: Train=2500, Test=1250
Split 1: Train=2500, Test=1250
Criados 2 splits
Treinando modelo com: train_split_1.csv
Mock environment criado com: {'csv_path': 'train_split_1.csv', 'live_stream': False, 'profit_threshold': 0.0025077292201063175, 'stop_loss_threshold': 0.00043362862296033276, 'max_position_time': 40, 'transaction_cost': 0.00039027901637482976, 'force_dim': 20, 'use_realistic_fees': True}
ERRO no trial 18: The environment is of type <class '__main__.ImprovedScalpingEnv'>, not a Gymnasium environment. In this case, we expect OpenAI Gym to be installed and the environment to be an OpenAI Gym environment.
Traceback (most recent call last):
  File "/home/fernando-rubio/Área de trabalho/teste/optuna_optimization_fast3.py", line 395, in objective
    train_env = DummyVecEnv([make_env(train_path, **env_kwargs)
               ^^^^^^^^^^^^^^^^^^^^^^^^^^^^^^^^^^^^^^^^^^^^^^^
  File "/home/fernando-rubio/Área de trabalho/V0/env/lib/python3.12/site-packages/stable_baselines3/common/vec_env/dummy_vec_env.py", line 31, in __init__
    self.envs = [_patch_env(fn()) for fn in env_fns]
                 ^^^^^^^^^^^^^^^^
  File "/home/fernando-rubio/Área de trabalho/V0/env/lib/python3.12/site-packages/stable_baselines3/common/vec_env/patch_gym.py", line 33, in _patch_env
    raise ValueError(
ValueError: The environment is of type <class '__main__.ImprovedScalpingEnv'>, not a Gymnasium environment. In this case, we expect OpenAI Gym to be installed and the environment to be an OpenAI Gym environment.

[I 2025-06-10 20:21:34,240] Trial 18 finished with value: -1.0 and parameters: {'learning_rate': 1.1152539809894016e-05, 'transaction_cost': 0.00039027901637482976, 'profit_threshold': 0.0025077292201063175, 'stop_loss_threshold': 0.00043362862296033276}. Best is trial 0 with value: -1.0.
=== TRIAL 19 ===
Trial 19: LR=0.001633, Profit_th=0.0066, Transaction_cost=0.0003
Usando dados existentes: ETHUSDT_5m_5000.csv
Criando 2 splits do arquivo ETHUSDT_5m_5000.csv
Dataset tem 5000 linhas
Train size: 2500, Test size: 1250
Split 0: Train=2500, Test=1250
Split 1: Train=2500, Test=1250
Criados 2 splits
Treinando modelo com: train_split_1.csv
Mock environment criado com: {'csv_path': 'train_split_1.csv', 'live_stream': False, 'profit_threshold': 0.006629505535832945, 'stop_loss_threshold': 0.0030533666048218125, 'max_position_time': 40, 'transaction_cost': 0.00034668857367404983, 'force_dim': 20, 'use_realistic_fees': True}
ERRO no trial 19: The environment is of type <class '__main__.ImprovedScalpingEnv'>, not a Gymnasium environment. In this case, we expect OpenAI Gym to be installed and the environment to be an OpenAI Gym environment.
Traceback (most recent call last):
  File "/home/fernando-rubio/Área de trabalho/teste/optuna_optimization_fast3.py", line 395, in objective
    train_env = DummyVecEnv([make_env(train_path, **env_kwargs)
               ^^^^^^^^^^^^^^^^^^^^^^^^^^^^^^^^^^^^^^^^^^^^^^^
  File "/home/fernando-rubio/Área de trabalho/V0/env/lib/python3.12/site-packages/stable_baselines3/common/vec_env/dummy_vec_env.py", line 31, in __init__
    self.envs = [_patch_env(fn()) for fn in env_fns]
                 ^^^^^^^^^^^^^^^^
  File "/home/fernando-rubio/Área de trabalho/V0/env/lib/python3.12/site-packages/stable_baselines3/common/vec_env/patch_gym.py", line 33, in _patch_env
    raise ValueError(
ValueError: The environment is of type <class '__main__.ImprovedScalpingEnv'>, not a Gymnasium environment. In this case, we expect OpenAI Gym to be installed and the environment to be an OpenAI Gym environment.

